# JRE version: OpenJDK Runtime Environment (19.0+36) (build 19+36-2238)
# Java VM: OpenJDK 64-Bit Server VM (19+36-2238, mixed mode, sharing, tiered, compressed oops, compressed class ptrs, g1 gc, windows-amd64)
GC Precious Log:
 CardTable entry size: 512
 Card Set container configuration: InlinePtr #cards 5 size 8 Array Of Cards #cards 12 size 40 Howl #buckets 4 coarsen threshold 1843 Howl Bitmap #cards 512 size 80 coarsen threshold 460 Card regions per heap region 1 cards per card region 2048
 CPUs: 8 total, 8 available
 Memory: 7952M
 Large Page Support: Disabled
 NUMA Support: Disabled
 Compressed Oops: Enabled (32-bit)
 Heap Region Size: 1M
 Heap Min Capacity: 8M
 Heap Initial Capacity: 126M
 Heap Max Capacity: 1990M
 Pre-touch: Disabled
 Parallel Workers: 8
 Concurrent Workers: 2
 Concurrent Refinement Workers: 8
 Periodic GC: Disabled
Heap:
 garbage-first heap   total 48128K, used 30283K [0x0000000083a00000, 0x0000000100000000)
  region size 1024K, 14 young (14336K), 1 survivors (1024K)
 Metaspace       used 43328K, committed 43712K, reserved 1114112K
  class space    used 5505K, committed 5696K, reserved 1048576K
GC Heap History (20 events):
Event: 2.558 GC heap before
{Heap before GC invocations=0 (full 0):
 garbage-first heap   total 129024K, used 23552K [0x0000000083a00000, 0x0000000100000000)
  region size 1024K, 23 young (23552K), 0 survivors (0K)
 Metaspace       used 4949K, committed 5056K, reserved 1114112K
  class space    used 516K, committed 576K, reserved 1048576K
}
Event: 2.569 GC heap after
{Heap after GC invocations=1 (full 0):
 garbage-first heap   total 129024K, used 6888K [0x0000000083a00000, 0x0000000100000000)
  region size 1024K, 3 young (3072K), 3 survivors (3072K)
 Metaspace       used 4949K, committed 5056K, reserved 1114112K
  class space    used 516K, committed 576K, reserved 1048576K
}
Event: 3.568 GC heap before
{Heap before GC invocations=1 (full 0):
 garbage-first heap   total 129024K, used 34536K [0x0000000083a00000, 0x0000000100000000)
  region size 1024K, 31 young (31744K), 3 survivors (3072K)
 Metaspace       used 11468K, committed 11712K, reserved 1114112K
  class space    used 1333K, committed 1408K, reserved 1048576K
}
Event: 3.577 GC heap after
{Heap after GC invocations=2 (full 0):
 garbage-first heap   total 129024K, used 9273K [0x0000000083a00000, 0x0000000100000000)
  region size 1024K, 3 young (3072K), 3 survivors (3072K)
 Metaspace       used 11468K, committed 11712K, reserved 1114112K
  class space    used 1333K, committed 1408K, reserved 1048576K
}
Event: 5.846 GC heap before
{Heap before GC invocations=2 (full 0):
 garbage-first heap   total 129024K, used 70713K [0x0000000083a00000, 0x0000000100000000)
  region size 1024K, 65 young (66560K), 3 survivors (3072K)
 Metaspace       used 21283K, committed 21504K, reserved 1114112K
  class space    used 2506K, committed 2624K, reserved 1048576K
}
Event: 5.859 GC heap after
{Heap after GC invocations=3 (full 0):
 garbage-first heap   total 129024K, used 12872K [0x0000000083a00000, 0x0000000100000000)
  region size 1024K, 6 young (6144K), 6 survivors (6144K)
 Metaspace       used 21283K, committed 21504K, reserved 1114112K
  class space    used 2506K, committed 2624K, reserved 1048576K
}
Event: 6.872 GC heap before
{Heap before GC invocations=4 (full 0):
 garbage-first heap   total 48128K, used 35400K [0x0000000083a00000, 0x0000000100000000)
  region size 1024K, 28 young (28672K), 6 survivors (6144K)
 Metaspace       used 25888K, committed 26176K, reserved 1114112K
  class space    used 3131K, committed 3264K, reserved 1048576K
}
Event: 6.896 GC heap after
{Heap after GC invocations=5 (full 0):
 garbage-first heap   total 48128K, used 15461K [0x0000000083a00000, 0x0000000100000000)
  region size 1024K, 3 young (3072K), 3 survivors (3072K)
 Metaspace       used 25888K, committed 26176K, reserved 1114112K
  class space    used 3131K, committed 3264K, reserved 1048576K
}
Event: 6.949 GC heap before
{Heap before GC invocations=5 (full 0):
 garbage-first heap   total 48128K, used 16485K [0x0000000083a00000, 0x0000000100000000)
  region size 1024K, 4 young (4096K), 3 survivors (3072K)
 Metaspace       used 26171K, committed 26560K, reserved 1114112K
  class space    used 3159K, committed 3328K, reserved 1048576K
}
Event: 6.963 GC heap after
{Heap after GC invocations=6 (full 0):
 garbage-first heap   total 48128K, used 15771K [0x0000000083a00000, 0x0000000100000000)
  region size 1024K, 1 young (1024K), 1 survivors (1024K)
 Metaspace       used 26171K, committed 26560K, reserved 1114112K
  class space    used 3159K, committed 3328K, reserved 1048576K
}
Event: 7.665 GC heap before
{Heap before GC invocations=6 (full 0):
 garbage-first heap   total 48128K, used 32155K [0x0000000083a00000, 0x0000000100000000)
  region size 1024K, 18 young (18432K), 1 survivors (1024K)
 Metaspace       used 28746K, committed 29056K, reserved 1114112K
  class space    used 3441K, committed 3584K, reserved 1048576K
}
Event: 7.668 GC heap after
{Heap after GC invocations=7 (full 0):
 garbage-first heap   total 48128K, used 16642K [0x0000000083a00000, 0x0000000100000000)
  region size 1024K, 2 young (2048K), 2 survivors (2048K)
 Metaspace       used 28746K, committed 29056K, reserved 1114112K
  class space    used 3441K, committed 3584K, reserved 1048576K
}
Event: 8.500 GC heap before
{Heap before GC invocations=7 (full 0):
 garbage-first heap   total 48128K, used 33026K [0x0000000083a00000, 0x0000000100000000)
  region size 1024K, 19 young (19456K), 2 survivors (2048K)
 Metaspace       used 32800K, committed 33216K, reserved 1114112K
  class space    used 4026K, committed 4224K, reserved 1048576K
}
Event: 8.503 GC heap after
{Heap after GC invocations=8 (full 0):
 garbage-first heap   total 48128K, used 17480K [0x0000000083a00000, 0x0000000100000000)
  region size 1024K, 3 young (3072K), 3 survivors (3072K)
 Metaspace       used 32800K, committed 33216K, reserved 1114112K
  class space    used 4026K, committed 4224K, reserved 1048576K
}
Event: 8.826 GC heap before
{Heap before GC invocations=8 (full 0):
 garbage-first heap   total 48128K, used 26696K [0x0000000083a00000, 0x0000000100000000)
  region size 1024K, 13 young (13312K), 3 survivors (3072K)
 Metaspace       used 35710K, committed 36096K, reserved 1114112K
  class space    used 4477K, committed 4672K, reserved 1048576K
}
Event: 8.830 GC heap after
{Heap after GC invocations=9 (full 0):
 garbage-first heap   total 48128K, used 17957K [0x0000000083a00000, 0x0000000100000000)
  region size 1024K, 2 young (2048K), 2 survivors (2048K)
 Metaspace       used 35710K, committed 36096K, reserved 1114112K
  class space    used 4477K, committed 4672K, reserved 1048576K
}
Event: 9.772 GC heap before
{Heap before GC invocations=10 (full 0):
 garbage-first heap   total 48128K, used 35365K [0x0000000083a00000, 0x0000000100000000)
  region size 1024K, 19 young (19456K), 2 survivors (2048K)
 Metaspace       used 40060K, committed 40512K, reserved 1114112K
  class space    used 5027K, committed 5248K, reserved 1048576K
}
Event: 9.776 GC heap after
{Heap after GC invocations=11 (full 0):
 garbage-first heap   total 48128K, used 19013K [0x0000000083a00000, 0x0000000100000000)
  region size 1024K, 3 young (3072K), 3 survivors (3072K)
 Metaspace       used 40060K, committed 40512K, reserved 1114112K
  class space    used 5027K, committed 5248K, reserved 1048576K
}
Event: 9.796 GC heap before
{Heap before GC invocations=11 (full 0):
 garbage-first heap   total 48128K, used 20037K [0x0000000083a00000, 0x0000000100000000)
  region size 1024K, 4 young (4096K), 3 survivors (3072K)
 Metaspace       used 40284K, committed 40704K, reserved 1114112K
  class space    used 5038K, committed 5248K, reserved 1048576K
}
Event: 9.801 GC heap after
{Heap after GC invocations=12 (full 0):
 garbage-first heap   total 48128K, used 19019K [0x0000000083a00000, 0x0000000100000000)
  region size 1024K, 1 young (1024K), 1 survivors (1024K)
 Metaspace       used 40284K, committed 40704K, reserved 1114112K
  class space    used 5038K, committed 5248K, reserved 1048576K
}

